0 info it worked if it ends with ok
1 verbose cli [ 'c:\\nodejs\\node.exe',
1 verbose cli   'c:\\nodejs\\node_modules\\npm\\bin\\npm-cli.js',
1 verbose cli   'install',
1 verbose cli   'karma-cli-g' ]
2 info using npm@2.10.1
3 info using node@v0.12.4
4 verbose install initial load of g:\angularjs\ngJS_Fund\package.json
5 verbose installManyTop reading scoped package data from g:\angularjs\ngJS_Fund\node_modules\jasmine-core\package.json
6 verbose installManyTop reading scoped package data from g:\angularjs\ngJS_Fund\node_modules\karma\package.json
7 verbose installManyTop reading scoped package data from g:\angularjs\ngJS_Fund\node_modules\karma-chrome-launcher\package.json
8 verbose installManyTop reading scoped package data from g:\angularjs\ngJS_Fund\node_modules\karma-jasmine\package.json
9 verbose readDependencies loading dependencies from g:\angularjs\ngJS_Fund\package.json
10 silly cache add args [ 'karma-cli-g', null ]
11 verbose cache add spec karma-cli-g
12 silly cache add parsed spec { raw: 'karma-cli-g',
12 silly cache add   scope: null,
12 silly cache add   name: 'karma-cli-g',
12 silly cache add   rawSpec: '',
12 silly cache add   spec: '*',
12 silly cache add   type: 'range' }
13 silly addNamed karma-cli-g@*
14 verbose addNamed "*" is a valid semver range for karma-cli-g
15 silly addNameRange { name: 'karma-cli-g', range: '*', hasData: false }
16 silly mapToRegistry name karma-cli-g
17 silly mapToRegistry using default registry
18 silly mapToRegistry registry https://registry.npmjs.org/
19 silly mapToRegistry uri https://registry.npmjs.org/karma-cli-g
20 verbose addNameRange registry:https://registry.npmjs.org/karma-cli-g not in flight; fetching
21 verbose request uri https://registry.npmjs.org/karma-cli-g
22 verbose request no auth needed
23 info attempt registry request try #1 at 10:29:20 AM
24 verbose request id e08b31fa7655d7ce
25 http request GET https://registry.npmjs.org/karma-cli-g
26 http 404 https://registry.npmjs.org/karma-cli-g
27 verbose headers { server: 'CouchDB/1.5.0 (Erlang OTP/R16B03)',
27 verbose headers   'content-type': 'application/json',
27 verbose headers   'cache-control': 'max-age=0',
27 verbose headers   'content-length': '51',
27 verbose headers   'accept-ranges': 'bytes',
27 verbose headers   date: 'Tue, 14 Jul 2015 14:29:19 GMT',
27 verbose headers   via: '1.1 varnish',
27 verbose headers   age: '0',
27 verbose headers   connection: 'keep-alive',
27 verbose headers   'x-served-by': 'cache-dfw1835-DFW',
27 verbose headers   'x-cache': 'MISS',
27 verbose headers   'x-cache-hits': '0',
27 verbose headers   'x-timer': 'S1436884159.375930,VS0,VE188' }
28 silly get cb [ 404,
28 silly get   { server: 'CouchDB/1.5.0 (Erlang OTP/R16B03)',
28 silly get     'content-type': 'application/json',
28 silly get     'cache-control': 'max-age=0',
28 silly get     'content-length': '51',
28 silly get     'accept-ranges': 'bytes',
28 silly get     date: 'Tue, 14 Jul 2015 14:29:19 GMT',
28 silly get     via: '1.1 varnish',
28 silly get     age: '0',
28 silly get     connection: 'keep-alive',
28 silly get     'x-served-by': 'cache-dfw1835-DFW',
28 silly get     'x-cache': 'MISS',
28 silly get     'x-cache-hits': '0',
28 silly get     'x-timer': 'S1436884159.375930,VS0,VE188' } ]
29 verbose stack Error: 404 Not Found: karma-cli-g
29 verbose stack     at CachingRegistryClient.<anonymous> (c:\nodejs\node_modules\npm\node_modules\npm-registry-client\lib\request.js:245:14)
29 verbose stack     at Request._callback (c:\nodejs\node_modules\npm\node_modules\npm-registry-client\lib\request.js:170:14)
29 verbose stack     at Request.self.callback (c:\nodejs\node_modules\npm\node_modules\request\request.js:368:22)
29 verbose stack     at Request.emit (events.js:110:17)
29 verbose stack     at Request.<anonymous> (c:\nodejs\node_modules\npm\node_modules\request\request.js:1219:14)
29 verbose stack     at Request.emit (events.js:129:20)
29 verbose stack     at IncomingMessage.<anonymous> (c:\nodejs\node_modules\npm\node_modules\request\request.js:1167:12)
29 verbose stack     at IncomingMessage.emit (events.js:129:20)
29 verbose stack     at _stream_readable.js:908:16
29 verbose stack     at process._tickCallback (node.js:355:11)
30 verbose statusCode 404
31 verbose pkgid karma-cli-g
32 verbose cwd g:\angularjs\ngJS_Fund
33 error Windows_NT 6.3.9600
34 error argv "c:\\nodejs\\node.exe" "c:\\nodejs\\node_modules\\npm\\bin\\npm-cli.js" "install" "karma-cli-g"
35 error node v0.12.4
36 error npm  v2.10.1
37 error code E404
38 error 404 Not Found: karma-cli-g
38 error 404
38 error 404 'karma-cli-g' is not in the npm registry.
38 error 404 You should bug the author to publish it (or use the name yourself!)
38 error 404
38 error 404 Note that you can also install from a
38 error 404 tarball, folder, http url, or git url.
39 verbose exit [ 1, true ]
